w:\resumetests\graphicsgames\graphicsgame1\gameengine\debug\vc120.pdb
w:\resumetests\graphicsgames\graphicsgame1\gameengine\debug\vc120.idb
w:\resumetests\graphicsgames\graphicsgame1\gameengine\debug\errors.obj
w:\resumetests\graphicsgames\graphicsgame1\gameengine\debug\gameengine.obj
w:\resumetests\graphicsgames\graphicsgame1\gameengine\debug\glslprogram.obj
w:\resumetests\graphicsgames\graphicsgame1\gameengine\debug\imageloader.obj
w:\resumetests\graphicsgames\graphicsgame1\gameengine\debug\iomanager.obj
w:\resumetests\graphicsgames\graphicsgame1\gameengine\debug\main.obj
w:\resumetests\graphicsgames\graphicsgame1\gameengine\debug\sprite.obj
w:\resumetests\graphicsgames\graphicsgame1\gameengine\debug\resourcemanager.obj
w:\resumetests\graphicsgames\graphicsgame1\gameengine\debug\texturecache.obj
w:\resumetests\graphicsgames\graphicsgame1\debug\gameengine.ilk
w:\resumetests\graphicsgames\graphicsgame1\debug\gameengine.exe
w:\resumetests\graphicsgames\graphicsgame1\debug\gameengine.pdb
w:\resumetests\graphicsgames\graphicsgame1\gameengine\debug\gameengine.tlog\cl.command.1.tlog
w:\resumetests\graphicsgames\graphicsgame1\gameengine\debug\gameengine.tlog\cl.read.1.tlog
w:\resumetests\graphicsgames\graphicsgame1\gameengine\debug\gameengine.tlog\cl.write.1.tlog
w:\resumetests\graphicsgames\graphicsgame1\gameengine\debug\gameengine.tlog\link.command.1.tlog
w:\resumetests\graphicsgames\graphicsgame1\gameengine\debug\gameengine.tlog\link.read.1.tlog
w:\resumetests\graphicsgames\graphicsgame1\gameengine\debug\gameengine.tlog\link.write.1.tlog
