Build started 4/9/2015 3:14:29 PM.
     1>Project "W:\resumeTests\GraphicsGames\GraphicsGame1\GameEngine\GameEngine.vcxproj" on node 2 (Build target(s)).
     1>C:\Program Files (x86)\MSBuild\Microsoft.Cpp\v4.0\V120\Microsoft.CppBuild.targets(388,5): warning MSB8028: The intermediate directory (Debug\) contains files shared from another project (GraphicsGame1.vcxproj).  This can lead to incorrect clean and rebuild behavior.
     1>ClCompile:
         C:\Program Files (x86)\Microsoft Visual Studio 12.0\VC\bin\CL.exe /c /ZI /nologo /W3 /WX- /sdl /Od /Oy- /D _MBCS /Gm /EHsc /RTC1 /MDd /GS /fp:precise /Zc:wchar_t /Zc:forScope /Fo"Debug\\" /Fd"Debug\vc120.pdb" /Gd /TP /analyze- /errorReport:prompt Errors.cpp GameEngine.cpp GLSLProgram.cpp ImageLoader.cpp IOManager.cpp Main.cpp Sprite.cpp
         Sprite.cpp
         Main.cpp
         IOManager.cpp
     1>w:\resumetests\graphicsgames\graphicsgame1\gameengine\iomanager.cpp(17): warning C4244: 'initializing' : conversion from 'std::streamoff' to 'int', possible loss of data
     1>w:\resumetests\graphicsgames\graphicsgame1\gameengine\iomanager.cpp(20): warning C4244: '-=' : conversion from 'std::streamoff' to 'int', possible loss of data
         ImageLoader.cpp
         GLSLProgram.cpp
         GameEngine.cpp
     1>w:\resumetests\graphicsgames\graphicsgame1\gameengine\gameengine.cpp(61): warning C4305: '+=' : truncation from 'double' to 'float'
         Errors.cpp
         Generating Code...
       Link:
         C:\Program Files (x86)\Microsoft Visual Studio 12.0\VC\bin\link.exe /ERRORREPORT:PROMPT /OUT:"W:\resumeTests\GraphicsGames\GraphicsGame1\Debug\GameEngine.exe" /INCREMENTAL /NOLOGO SDL2.lib SDL2main.lib opengl32.lib glew32.lib SOIL.lib kernel32.lib user32.lib gdi32.lib winspool.lib comdlg32.lib advapi32.lib shell32.lib ole32.lib oleaut32.lib uuid.lib odbc32.lib odbccp32.lib /MANIFEST /MANIFESTUAC:"level='asInvoker' uiAccess='false'" /manifest:embed /DEBUG /PDB:"W:\resumeTests\GraphicsGames\GraphicsGame1\Debug\GameEngine.pdb" /SUBSYSTEM:CONSOLE /TLBID:1 /DYNAMICBASE /NXCOMPAT /IMPLIB:"W:\resumeTests\GraphicsGames\GraphicsGame1\Debug\GameEngine.lib" /MACHINE:X86 Debug\Errors.obj
         Debug\GameEngine.obj
         Debug\GLSLProgram.obj
         Debug\ImageLoader.obj
         Debug\IOManager.obj
         Debug\Main.obj
         Debug\Sprite.obj
     1>MSVCRTD.lib(cinitexe.obj) : warning LNK4098: defaultlib 'msvcrt.lib' conflicts with use of other libs; use /NODEFAULTLIB:library
         GameEngine.vcxproj -> W:\resumeTests\GraphicsGames\GraphicsGame1\Debug\GameEngine.exe
     1>Done Building Project "W:\resumeTests\GraphicsGames\GraphicsGame1\GameEngine\GameEngine.vcxproj" (Build target(s)).

Build succeeded.

Time Elapsed 00:00:02.06
